<?xml version="1.0" encoding="UTF-8"?>
<testng-results ignored="0" total="4" passed="4" failed="0" skipped="0">
  <reporter-output>
    <line>
      <![CDATA[Login faildashboard  http://orangehrm.qedgetech.com/symfony/web/index.php/auth/validateCredentials]]>
    </line>
    <line>
      <![CDATA[Login faildashboard  http://orangehrm.qedgetech.com/symfony/web/index.php/auth/validateCredentials]]>
    </line>
    <line>
      <![CDATA[Login faildashboard  http://orangehrm.qedgetech.com/symfony/web/index.php/auth/validateCredentials]]>
    </line>
    <line>
      <![CDATA[Login faildashboard  http://orangehrm.qedgetech.com/symfony/web/index.php/auth/validateCredentials]]>
    </line>
  </reporter-output>
  <suite started-at="2023-09-14T16:58:36 IST" name="Default suite" finished-at="2023-09-14T16:58:44 IST" duration-ms="7941">
    <groups>
    </groups>
    <test started-at="2023-09-14T16:58:36 IST" name="Default test" finished-at="2023-09-14T16:58:44 IST" duration-ms="7941">
      <class name="sep14.NewTest_Provider">
        <test-method is-config="true" signature="setUp()[pri:0, instance:sep14.NewTest_Provider@28261e8e]" started-at="2023-09-14T16:58:36 IST" name="setUp" finished-at="2023-09-14T16:58:41 IST" duration-ms="4582" status="PASS">
          <reporter-output>
          </reporter-output>
        </test-method> <!-- setUp -->
        <test-method signature="validate_login(java.lang.String,java.lang.String)[pri:0, instance:sep14.NewTest_Provider@28261e8e]" started-at="2023-09-14T16:58:41 IST" name="validate_login" data-provider="dp" finished-at="2023-09-14T16:58:42 IST" duration-ms="991" status="PASS">
          <params>
            <param index="0">
              <value>
                <![CDATA[Admin]]>
              </value>
            </param>
            <param index="1">
              <value>
                <![CDATA[Qedge123!@#]]>
              </value>
            </param>
          </params>
          <reporter-output>
            <line>
              <![CDATA[Login faildashboard  http://orangehrm.qedgetech.com/symfony/web/index.php/auth/validateCredentials]]>
            </line>
          </reporter-output>
        </test-method> <!-- validate_login -->
        <test-method signature="validate_login(java.lang.String,java.lang.String)[pri:0, instance:sep14.NewTest_Provider@28261e8e]" started-at="2023-09-14T16:58:42 IST" name="validate_login" data-provider="dp" finished-at="2023-09-14T16:58:43 IST" duration-ms="769" status="PASS">
          <params>
            <param index="0">
              <value>
                <![CDATA[Admin]]>
              </value>
            </param>
            <param index="1">
              <value>
                <![CDATA[Qedge123!@#]]>
              </value>
            </param>
          </params>
          <reporter-output>
            <line>
              <![CDATA[Login faildashboard  http://orangehrm.qedgetech.com/symfony/web/index.php/auth/validateCredentials]]>
            </line>
          </reporter-output>
        </test-method> <!-- validate_login -->
        <test-method signature="validate_login(java.lang.String,java.lang.String)[pri:0, instance:sep14.NewTest_Provider@28261e8e]" started-at="2023-09-14T16:58:43 IST" name="validate_login" data-provider="dp" finished-at="2023-09-14T16:58:43 IST" duration-ms="748" status="PASS">
          <params>
            <param index="0">
              <value>
                <![CDATA[Admin]]>
              </value>
            </param>
            <param index="1">
              <value>
                <![CDATA[Qedge123!@#]]>
              </value>
            </param>
          </params>
          <reporter-output>
            <line>
              <![CDATA[Login faildashboard  http://orangehrm.qedgetech.com/symfony/web/index.php/auth/validateCredentials]]>
            </line>
          </reporter-output>
        </test-method> <!-- validate_login -->
        <test-method signature="validate_login(java.lang.String,java.lang.String)[pri:0, instance:sep14.NewTest_Provider@28261e8e]" started-at="2023-09-14T16:58:43 IST" name="validate_login" data-provider="dp" finished-at="2023-09-14T16:58:44 IST" duration-ms="655" status="PASS">
          <params>
            <param index="0">
              <value>
                <![CDATA[Admin]]>
              </value>
            </param>
            <param index="1">
              <value>
                <![CDATA[Qedge123!@#]]>
              </value>
            </param>
          </params>
          <reporter-output>
            <line>
              <![CDATA[Login faildashboard  http://orangehrm.qedgetech.com/symfony/web/index.php/auth/validateCredentials]]>
            </line>
          </reporter-output>
        </test-method> <!-- validate_login -->
        <test-method is-config="true" signature="tearDown()[pri:0, instance:sep14.NewTest_Provider@28261e8e]" started-at="2023-09-14T16:58:44 IST" name="tearDown" finished-at="2023-09-14T16:58:44 IST" duration-ms="135" status="PASS">
          <reporter-output>
          </reporter-output>
        </test-method> <!-- tearDown -->
      </class> <!-- sep14.NewTest_Provider -->
    </test> <!-- Default test -->
  </suite> <!-- Default suite -->
</testng-results>
