<?xml version="1.0" encoding="UTF-8"?>
<!-- Generated by org.testng.reporters.JUnitXMLReporter -->
<testsuite ignored="0" hostname="DESKTOP-IITKUKB" failures="0" tests="4" name="Default test" time="7.941" errors="0" timestamp="2023-09-14T16:58:44 IST">
  <testcase classname="sep14.NewTest_Provider" name="validate_login" time="0.991"/>
  <testcase classname="sep14.NewTest_Provider" name="validate_login" time="0.769"/>
  <testcase classname="sep14.NewTest_Provider" name="validate_login" time="0.748"/>
  <testcase classname="sep14.NewTest_Provider" name="validate_login" time="0.655"/>
</testsuite> <!-- Default test -->
